2016-12-18 00:07:29,976 [INFO ] Connection.java:main - Launching Connection.....
2016-12-18 00:07:29,986 [INFO ] Connection.java:main - Creating Statement...
2016-12-18 00:07:30,000 [INFO ] Connection.java:main - Creating Statement...
2016-12-18 00:07:30,199 [WARN ] Connection.java:main - Closing connection...
2016-12-18 00:07:30,201 [INFO ] Connection.java:main - Launching Connection.....
2016-12-18 00:07:30,203 [INFO ] Connection.java:main - Creating Statement...
2016-12-18 00:07:30,218 [INFO ] Connection.java:main - Creating Statement...
2016-12-18 00:07:30,266 [WARN ] Connection.java:main - Closing connection...
2016-12-18 00:07:30,267 [INFO ] Connection.java:main - Launching Connection.....
2016-12-18 00:07:30,268 [INFO ] Connection.java:main - Creating Statement...
2016-12-18 00:07:30,272 [INFO ] Connection.java:main - Creating Statement...
2016-12-18 00:07:30,366 [WARN ] Connection.java:main - Closing connection...
2016-12-18 00:07:30,370 [INFO ] Connection.java:main - Launching Connection.....
2016-12-18 00:07:30,372 [INFO ] Connection.java:main - Creating Statement...
2016-12-18 00:07:30,375 [INFO ] Connection.java:main - Creating Statement...
2016-12-18 00:07:30,428 [WARN ] Connection.java:main - Closing connection...
2016-12-18 00:07:30,429 [INFO ] Connection.java:main - Launching Connection.....
2016-12-18 00:07:30,431 [INFO ] Connection.java:main - Creating Statement...
2016-12-18 00:07:30,434 [INFO ] Connection.java:main - Creating Statement...
2016-12-18 00:07:30,445 [INFO ] Connection.java:main - Creating Statement...
2016-12-18 00:07:30,448 [WARN ] Connection.java:main - Closing connection...
2016-12-18 00:07:30,448 [INFO ] Connection.java:main - Launching Connection.....
2016-12-18 00:07:30,449 [INFO ] Connection.java:main - Creating Statement...
2016-12-18 00:07:30,453 [INFO ] Connection.java:main - Creating Statement...
2016-12-18 00:07:30,460 [INFO ] Connection.java:main - Creating Statement...
2016-12-18 00:07:30,464 [INFO ] Connection.java:main - Creating Statement...
2016-12-18 00:07:30,465 [WARN ] Connection.java:main - Closing connection...
2016-12-18 00:07:30,466 [INFO ] Connection.java:main - Launching Connection.....
2016-12-18 00:07:30,468 [INFO ] Connection.java:main - Creating Statement...
2016-12-18 00:07:30,472 [INFO ] Connection.java:main - Creating Statement...
2016-12-18 00:07:30,497 [WARN ] Connection.java:main - Closing connection...
2016-12-18 00:07:30,497 [INFO ] Connection.java:main - Launching Connection.....
2016-12-18 00:07:30,498 [INFO ] Connection.java:main - Creating Statement...
2016-12-18 00:07:30,502 [INFO ] Connection.java:main - Creating Statement...
2016-12-18 00:07:30,551 [WARN ] Connection.java:main - Closing connection...
2016-12-18 00:07:30,551 [INFO ] Connection.java:main - Launching Connection.....
2016-12-18 00:07:30,552 [INFO ] Connection.java:main - Creating Statement...
2016-12-18 00:07:30,555 [INFO ] Connection.java:main - Creating Statement...
2016-12-18 00:07:30,597 [WARN ] Connection.java:main - Closing connection...
2016-12-18 00:07:30,598 [INFO ] Connection.java:main - Launching Connection.....
2016-12-18 00:07:30,600 [INFO ] Connection.java:main - Creating Statement...
2016-12-18 00:07:30,603 [INFO ] Connection.java:main - Creating Statement...
2016-12-18 00:07:30,619 [WARN ] Connection.java:main - Closing connection...
2016-12-18 00:07:30,620 [INFO ] Connection.java:main - Launching Connection.....
2016-12-18 00:07:30,621 [INFO ] Connection.java:main - Creating Statement...
2016-12-18 00:07:30,623 [INFO ] Connection.java:main - Creating Statement...
2016-12-18 00:07:30,662 [WARN ] Connection.java:main - Closing connection...
2016-12-18 00:07:30,663 [INFO ] Connection.java:main - Launching Connection.....
2016-12-18 00:07:30,664 [INFO ] Connection.java:main - Creating Statement...
2016-12-18 00:07:30,668 [INFO ] Connection.java:main - Creating Statement...
2016-12-18 00:07:30,711 [WARN ] Connection.java:main - Closing connection...
2016-12-18 00:07:30,712 [INFO ] Connection.java:main - Launching Connection.....
2016-12-18 00:07:30,713 [INFO ] Connection.java:main - Creating Statement...
2016-12-18 00:07:30,716 [INFO ] Connection.java:main - Creating Statement...
2016-12-18 00:07:30,723 [WARN ] Connection.java:main - Closing connection...
2016-12-18 00:07:30,724 [INFO ] Connection.java:main - Launching Connection.....
2016-12-18 00:07:30,726 [INFO ] Connection.java:main - Creating Statement...
2016-12-18 00:07:30,729 [INFO ] Connection.java:main - Creating Statement...
2016-12-18 00:07:30,767 [WARN ] Connection.java:main - Closing connection...
2016-12-18 00:16:59,783 [INFO ] Driver.java:main - Launching connection
2016-12-18 00:16:59,785 [INFO ] Driver.java:main - Checking URL:true
2016-12-18 00:16:59,787 [INFO ] Connection.java:main - Launching Connection.....
2016-12-18 00:16:59,798 [INFO ] Connection.java:main - Creating Statement...
2016-12-18 00:18:26,936 [INFO ] Statement.java:main - Parsing SQL Query.
2016-12-18 00:18:26,943 [INFO ] Statement.java:main - SQL Query parsed successfully.
2016-12-18 00:18:26,944 [INFO ] Statement.java:main - Getting update count.
2016-12-18 01:07:14,324 [INFO ] Driver.java:main - Launching connection
2016-12-18 01:07:14,325 [INFO ] Driver.java:main - Checking URL:true
2016-12-18 01:07:14,327 [INFO ] Connection.java:main - Launching Connection.....
2016-12-18 01:07:14,333 [INFO ] Connection.java:main - Creating Statement...
2016-12-18 01:07:14,333 [INFO ] Connection.java:main - Creating Statement...
2016-12-18 01:07:14,337 [INFO ] Statement.java:main - Parsing SQL Query.
2016-12-18 01:07:14,340 [INFO ] Statement.java:main - SQL Query parsed successfully.
2016-12-18 01:07:14,340 [INFO ] Statement.java:main - Getting update count.
2016-12-18 01:07:14,340 [INFO ] Statement.java:main - Parsing SQL Query.
2016-12-18 01:07:14,343 [INFO ] Statement.java:main - SQL Query parsed successfully.
2016-12-18 01:07:14,343 [INFO ] Statement.java:main - Getting update count.
2016-12-18 01:07:14,343 [WARN ] Statement.java:main - Closing Statement.
2016-12-18 01:07:14,343 [INFO ] Connection.java:main - Creating Statement...
2016-12-18 01:07:14,343 [INFO ] Connection.java:main - Creating Statement...
2016-12-18 01:07:14,343 [INFO ] Statement.java:main - Parsing SQL Query.
2016-12-18 01:07:14,385 [INFO ] Statement.java:main - SQL Query parsed successfully.
2016-12-18 01:07:14,385 [INFO ] Statement.java:main - Getting update count.
2016-12-18 01:07:14,417 [INFO ] Statement.java:main - Parsing SQL Query.
2016-12-18 01:07:14,421 [INFO ] Statement.java:main - SQL Query parsed successfully.
2016-12-18 01:07:14,424 [INFO ] ResultSett.java:main - Checking if closed: false
2016-12-18 01:07:14,424 [INFO ] ResultSett.java:main - Checking if closed: false
2016-12-18 01:07:14,424 [INFO ] ResultSett.java:main - Checking if closed: false
2016-12-18 01:07:14,424 [INFO ] ResultSett.java:main - Checking if closed: false
2016-12-18 01:07:14,424 [INFO ] ResultSett.java:main - Getting Metadata..
2016-12-18 01:07:14,424 [INFO ] ResultSetMetaDataa.java:main - Getting Column Count..
2016-12-18 01:07:14,424 [WARN ] Statement.java:main - Closing Statement.
2016-12-18 01:07:14,424 [WARN ] Connection.java:main - Closing connection...
2016-12-18 01:07:14,424 [WARN ] Statement.java:main - Closing Statement.
2016-12-18 01:07:14,425 [INFO ] Driver.java:main - Launching connection
2016-12-18 01:07:14,425 [INFO ] Driver.java:main - Checking URL:true
2016-12-18 01:07:14,425 [INFO ] Connection.java:main - Launching Connection.....
2016-12-18 01:07:14,426 [INFO ] Connection.java:main - Creating Statement...
2016-12-18 01:07:14,426 [INFO ] Connection.java:main - Creating Statement...
2016-12-18 01:07:14,426 [INFO ] Statement.java:main - Parsing SQL Query.
2016-12-18 01:07:14,427 [INFO ] Statement.java:main - SQL Query parsed successfully.
2016-12-18 01:07:14,427 [INFO ] Statement.java:main - Getting update count.
2016-12-18 01:07:14,428 [INFO ] Statement.java:main - Parsing SQL Query.
2016-12-18 01:07:14,428 [INFO ] Statement.java:main - SQL Query parsed successfully.
2016-12-18 01:07:14,428 [INFO ] Statement.java:main - Getting update count.
2016-12-18 01:07:14,429 [WARN ] Statement.java:main - Closing Statement.
2016-12-18 01:07:14,429 [INFO ] Connection.java:main - Creating Statement...
2016-12-18 01:07:14,429 [INFO ] Connection.java:main - Creating Statement...
2016-12-18 01:07:14,429 [INFO ] Statement.java:main - Parsing SQL Query.
2016-12-18 01:07:14,444 [INFO ] Statement.java:main - SQL Query parsed successfully.
2016-12-18 01:07:14,444 [INFO ] Statement.java:main - Getting update count.
2016-12-18 01:07:14,473 [WARN ] Statement.java:main - Closing Statement.
2016-12-18 01:07:14,473 [WARN ] Connection.java:main - Closing connection...
2016-12-18 01:07:14,473 [WARN ] Statement.java:main - Closing Statement.
2016-12-18 01:07:14,474 [INFO ] Driver.java:main - Launching connection
2016-12-18 01:07:14,474 [INFO ] Driver.java:main - Checking URL:true
2016-12-18 01:07:14,474 [INFO ] Connection.java:main - Launching Connection.....
2016-12-18 01:07:14,475 [INFO ] Connection.java:main - Creating Statement...
2016-12-18 01:07:14,475 [INFO ] Connection.java:main - Creating Statement...
2016-12-18 01:07:14,475 [INFO ] Statement.java:main - Parsing SQL Query.
2016-12-18 01:07:14,476 [INFO ] Statement.java:main - SQL Query parsed successfully.
2016-12-18 01:07:14,476 [INFO ] Statement.java:main - Getting update count.
2016-12-18 01:07:14,476 [INFO ] Statement.java:main - Parsing SQL Query.
2016-12-18 01:07:14,477 [INFO ] Statement.java:main - SQL Query parsed successfully.
2016-12-18 01:07:14,478 [INFO ] Statement.java:main - Getting update count.
2016-12-18 01:07:14,478 [WARN ] Statement.java:main - Closing Statement.
2016-12-18 01:07:14,478 [INFO ] Connection.java:main - Creating Statement...
2016-12-18 01:07:14,478 [INFO ] Connection.java:main - Creating Statement...
2016-12-18 01:07:14,478 [INFO ] Statement.java:main - Parsing SQL Query.
2016-12-18 01:07:14,481 [INFO ] Statement.java:main - SQL Query parsed successfully.
2016-12-18 01:07:14,481 [INFO ] Statement.java:main - Getting update count.
2016-12-18 01:07:14,487 [INFO ] Statement.java:main - Parsing SQL Query.
2016-12-18 01:07:14,493 [INFO ] Statement.java:main - SQL Query parsed successfully.
2016-12-18 01:07:14,493 [INFO ] Statement.java:main - Getting update count.
2016-12-18 01:07:14,506 [INFO ] Statement.java:main - Parsing SQL Query.
2016-12-18 01:07:14,521 [INFO ] Statement.java:main - SQL Query parsed successfully.
2016-12-18 01:07:14,522 [INFO ] Statement.java:main - Getting update count.
2016-12-18 01:07:14,522 [INFO ] Statement.java:main - UPDATE query executed.
2016-12-18 01:07:14,522 [INFO ] Statement.java:main - Parsing SQL Query.
2016-12-18 01:07:14,525 [INFO ] Statement.java:main - SQL Query parsed successfully.
2016-12-18 01:07:14,525 [INFO ] Statement.java:main - Getting update count.
2016-12-18 01:07:14,525 [INFO ] Statement.java:main - SELECT query executed.
2016-12-18 01:07:14,525 [WARN ] Statement.java:main - Closing Statement.
2016-12-18 01:07:14,525 [WARN ] Connection.java:main - Closing connection...
2016-12-18 01:07:14,525 [WARN ] Statement.java:main - Closing Statement.
2016-12-18 01:07:14,526 [INFO ] Driver.java:main - Launching connection
2016-12-18 01:07:14,526 [INFO ] Driver.java:main - Checking URL:true
2016-12-18 01:07:14,526 [INFO ] Connection.java:main - Launching Connection.....
2016-12-18 01:07:14,527 [INFO ] Connection.java:main - Creating Statement...
2016-12-18 01:07:14,527 [INFO ] Connection.java:main - Creating Statement...
2016-12-18 01:07:14,527 [INFO ] Statement.java:main - Parsing SQL Query.
2016-12-18 01:07:14,528 [INFO ] Statement.java:main - SQL Query parsed successfully.
2016-12-18 01:07:14,529 [INFO ] Statement.java:main - Getting update count.
2016-12-18 01:07:14,529 [INFO ] Statement.java:main - Parsing SQL Query.
2016-12-18 01:07:14,530 [INFO ] Statement.java:main - SQL Query parsed successfully.
2016-12-18 01:07:14,530 [INFO ] Statement.java:main - Getting update count.
2016-12-18 01:07:14,530 [WARN ] Statement.java:main - Closing Statement.
2016-12-18 01:07:14,530 [INFO ] Connection.java:main - Creating Statement...
2016-12-18 01:07:14,530 [INFO ] Connection.java:main - Creating Statement...
2016-12-18 01:07:14,530 [INFO ] Statement.java:main - Parsing SQL Query.
2016-12-18 01:07:14,533 [INFO ] Statement.java:main - SQL Query parsed successfully.
2016-12-18 01:07:14,534 [INFO ] Statement.java:main - Getting update count.
2016-12-18 01:07:14,539 [INFO ] Statement.java:main - Parsing SQL Query.
2016-12-18 01:07:14,544 [INFO ] Statement.java:main - SQL Query parsed successfully.
2016-12-18 01:07:14,544 [INFO ] Statement.java:main - Getting update count.
2016-12-18 01:07:14,555 [INFO ] Statement.java:main - Parsing SQL Query.
2016-12-18 01:07:14,560 [INFO ] Statement.java:main - SQL Query parsed successfully.
2016-12-18 01:07:14,560 [INFO ] Statement.java:main - Getting update count.
2016-12-18 01:07:14,560 [INFO ] Statement.java:main - Parsing SQL Query.
2016-12-18 01:07:14,565 [INFO ] Statement.java:main - SQL Query parsed successfully.
2016-12-18 01:07:14,565 [INFO ] Statement.java:main - Getting update count.
2016-12-18 01:07:14,565 [INFO ] Statement.java:main - UPDATE query executed.
2016-12-18 01:07:14,565 [INFO ] ResultSett.java:main - Checking if closed: false
2016-12-18 01:07:14,565 [INFO ] ResultSett.java:main - Checking if closed: false
2016-12-18 01:07:14,565 [INFO ] ResultSett.java:main - Checking if closed: false
2016-12-18 01:07:14,566 [INFO ] ResultSett.java:main - Checking if closed: false
2016-12-18 01:07:14,566 [INFO ] ResultSett.java:main - Checking if closed: false
2016-12-18 01:07:14,566 [INFO ] ResultSett.java:main - Checking if closed: false
2016-12-18 01:07:14,566 [INFO ] ResultSett.java:main - Checking if closed: false
2016-12-18 01:07:14,566 [INFO ] ResultSett.java:main - Checking if closed: false
2016-12-18 01:07:14,566 [INFO ] ResultSett.java:main - Checking if closed: false
2016-12-18 01:07:14,566 [WARN ] Statement.java:main - Closing Statement.
2016-12-18 01:07:14,567 [WARN ] Connection.java:main - Closing connection...
2016-12-18 01:07:14,567 [WARN ] Statement.java:main - Closing Statement.
2016-12-18 01:07:14,567 [INFO ] Driver.java:main - Launching connection
2016-12-18 01:07:14,567 [INFO ] Driver.java:main - Checking URL:true
2016-12-18 01:07:14,568 [INFO ] Connection.java:main - Launching Connection.....
2016-12-18 01:07:14,568 [INFO ] Connection.java:main - Creating Statement...
2016-12-18 01:07:14,569 [INFO ] Connection.java:main - Creating Statement...
2016-12-18 01:07:14,569 [INFO ] Statement.java:main - Parsing SQL Query.
2016-12-18 01:07:14,570 [INFO ] Statement.java:main - SQL Query parsed successfully.
2016-12-18 01:07:14,570 [INFO ] Statement.java:main - Getting update count.
2016-12-18 01:07:14,570 [INFO ] Statement.java:main - Parsing SQL Query.
2016-12-18 01:07:14,571 [INFO ] Statement.java:main - SQL Query parsed successfully.
2016-12-18 01:07:14,571 [INFO ] Statement.java:main - Getting update count.
2016-12-18 01:07:14,571 [WARN ] Statement.java:main - Closing Statement.
2016-12-18 01:07:14,571 [INFO ] Connection.java:main - Creating Statement...
2016-12-18 01:07:14,571 [INFO ] Connection.java:main - Creating Statement...
2016-12-18 01:07:14,571 [INFO ] Statement.java:main - Parsing SQL Query.
2016-12-18 01:07:14,574 [INFO ] Statement.java:main - SQL Query parsed successfully.
2016-12-18 01:07:14,574 [INFO ] Statement.java:main - Getting update count.
2016-12-18 01:07:14,579 [WARN ] Statement.java:main - Closing Statement.
2016-12-18 01:07:14,579 [INFO ] Connection.java:main - Creating Statement...
2016-12-18 01:07:14,579 [INFO ] Connection.java:main - Creating Statement...
2016-12-18 01:07:14,580 [ERROR] Statement.java:main - ERROR! Error parsing SQL Query
2016-12-18 01:07:14,580 [WARN ] Connection.java:main - Closing connection...
2016-12-18 01:07:14,580 [WARN ] Statement.java:main - Closing Statement.
2016-12-18 01:07:14,580 [INFO ] Driver.java:main - Launching connection
2016-12-18 01:07:14,581 [INFO ] Driver.java:main - Checking URL:true
2016-12-18 01:07:14,581 [INFO ] Connection.java:main - Launching Connection.....
2016-12-18 01:07:14,581 [INFO ] Connection.java:main - Creating Statement...
2016-12-18 01:07:14,581 [INFO ] Connection.java:main - Creating Statement...
2016-12-18 01:07:14,582 [INFO ] Statement.java:main - Parsing SQL Query.
2016-12-18 01:07:14,582 [INFO ] Statement.java:main - SQL Query parsed successfully.
2016-12-18 01:07:14,582 [INFO ] Statement.java:main - Getting update count.
2016-12-18 01:07:14,583 [INFO ] Statement.java:main - Parsing SQL Query.
2016-12-18 01:07:14,583 [INFO ] Statement.java:main - SQL Query parsed successfully.
2016-12-18 01:07:14,583 [INFO ] Statement.java:main - Getting update count.
2016-12-18 01:07:14,583 [WARN ] Statement.java:main - Closing Statement.
2016-12-18 01:07:14,583 [INFO ] Connection.java:main - Creating Statement...
2016-12-18 01:07:14,583 [INFO ] Connection.java:main - Creating Statement...
2016-12-18 01:07:14,583 [INFO ] Statement.java:main - Parsing SQL Query.
2016-12-18 01:07:14,586 [INFO ] Statement.java:main - SQL Query parsed successfully.
2016-12-18 01:07:14,586 [INFO ] Statement.java:main - Getting update count.
2016-12-18 01:07:14,586 [WARN ] Statement.java:main - Closing Statement.
2016-12-18 01:07:14,586 [INFO ] Connection.java:main - Creating Statement...
2016-12-18 01:07:14,586 [INFO ] Connection.java:main - Creating Statement...
2016-12-18 01:07:14,587 [INFO ] Statement.java:main - Parsing SQL Query.
2016-12-18 01:07:14,588 [ERROR] Statement.java:main - ERROR! Error parsing SQL Query
2016-12-18 01:07:14,588 [INFO ] Connection.java:main - Creating Statement...
2016-12-18 01:07:14,588 [INFO ] Connection.java:main - Creating Statement...
2016-12-18 01:07:14,588 [INFO ] Statement.java:main - Parsing SQL Query.
2016-12-18 01:07:14,588 [ERROR] Statement.java:main - ERROR! Error parsing SQL Query
2016-12-18 01:07:14,588 [WARN ] Connection.java:main - Closing connection...
2016-12-18 01:07:14,589 [WARN ] Statement.java:main - Closing Statement.
2016-12-18 01:07:14,589 [INFO ] Driver.java:main - Launching connection
2016-12-18 01:07:14,589 [INFO ] Driver.java:main - Checking URL:true
2016-12-18 01:07:14,589 [INFO ] Connection.java:main - Launching Connection.....
2016-12-18 01:07:14,590 [INFO ] Connection.java:main - Creating Statement...
2016-12-18 01:07:14,590 [INFO ] Connection.java:main - Creating Statement...
2016-12-18 01:07:14,590 [INFO ] Statement.java:main - Parsing SQL Query.
2016-12-18 01:07:14,591 [INFO ] Statement.java:main - SQL Query parsed successfully.
2016-12-18 01:07:14,591 [INFO ] Statement.java:main - Getting update count.
2016-12-18 01:07:14,591 [INFO ] Statement.java:main - Parsing SQL Query.
2016-12-18 01:07:14,592 [INFO ] Statement.java:main - SQL Query parsed successfully.
2016-12-18 01:07:14,592 [INFO ] Statement.java:main - Getting update count.
2016-12-18 01:07:14,592 [WARN ] Statement.java:main - Closing Statement.
2016-12-18 01:07:14,592 [INFO ] Connection.java:main - Creating Statement...
2016-12-18 01:07:14,592 [INFO ] Connection.java:main - Creating Statement...
2016-12-18 01:07:14,592 [INFO ] Statement.java:main - Parsing SQL Query.
2016-12-18 01:07:14,595 [INFO ] Statement.java:main - SQL Query parsed successfully.
2016-12-18 01:07:14,595 [INFO ] Statement.java:main - Getting update count.
2016-12-18 01:07:14,600 [WARN ] Statement.java:main - Closing Statement.
2016-12-18 01:07:14,600 [WARN ] Connection.java:main - Closing connection...
2016-12-18 01:07:14,600 [WARN ] Statement.java:main - Closing Statement.
2016-12-18 01:07:14,600 [INFO ] Driver.java:main - Launching connection
2016-12-18 01:07:14,600 [INFO ] Driver.java:main - Checking URL:true
2016-12-18 01:07:14,601 [INFO ] Connection.java:main - Launching Connection.....
2016-12-18 01:07:14,601 [INFO ] Connection.java:main - Creating Statement...
2016-12-18 01:07:14,601 [INFO ] Connection.java:main - Creating Statement...
2016-12-18 01:07:14,601 [INFO ] Statement.java:main - Parsing SQL Query.
2016-12-18 01:07:14,602 [INFO ] Statement.java:main - SQL Query parsed successfully.
2016-12-18 01:07:14,603 [INFO ] Statement.java:main - Getting update count.
2016-12-18 01:07:14,603 [INFO ] Statement.java:main - Parsing SQL Query.
2016-12-18 01:07:14,603 [INFO ] Statement.java:main - SQL Query parsed successfully.
2016-12-18 01:07:14,603 [INFO ] Statement.java:main - Getting update count.
2016-12-18 01:07:14,603 [WARN ] Statement.java:main - Closing Statement.
2016-12-18 01:07:14,603 [INFO ] Connection.java:main - Creating Statement...
2016-12-18 01:07:14,603 [INFO ] Connection.java:main - Creating Statement...
2016-12-18 01:07:14,604 [INFO ] Statement.java:main - Parsing SQL Query.
2016-12-18 01:07:14,606 [INFO ] Statement.java:main - SQL Query parsed successfully.
2016-12-18 01:07:14,606 [INFO ] Statement.java:main - Getting update count.
2016-12-18 01:07:14,610 [INFO ] Statement.java:main - Parsing SQL Query.
2016-12-18 01:07:14,615 [INFO ] Statement.java:main - SQL Query parsed successfully.
2016-12-18 01:07:14,615 [INFO ] Statement.java:main - Getting update count.
2016-12-18 01:07:14,626 [INFO ] Statement.java:main - Parsing SQL Query.
2016-12-18 01:07:14,629 [INFO ] Statement.java:main - SQL Query parsed successfully.
2016-12-18 01:07:14,629 [INFO ] Statement.java:main - Getting update count.
2016-12-18 01:07:14,630 [INFO ] Statement.java:main - UPDATE query executed.
2016-12-18 01:07:14,630 [INFO ] ResultSett.java:main - Checking if closed: false
2016-12-18 01:07:14,630 [INFO ] ResultSett.java:main - Checking if closed: false
2016-12-18 01:07:14,630 [INFO ] ResultSett.java:main - Checking if closed: false
2016-12-18 01:07:14,630 [INFO ] ResultSett.java:main - Checking if closed: false
2016-12-18 01:07:14,630 [INFO ] ResultSett.java:main - Checking if closed: false
2016-12-18 01:07:14,630 [INFO ] Statement.java:main - Parsing SQL Query.
2016-12-18 01:07:14,633 [INFO ] Statement.java:main - SQL Query parsed successfully.
2016-12-18 01:07:14,633 [INFO ] Statement.java:main - Getting update count.
2016-12-18 01:07:14,633 [INFO ] Statement.java:main - UPDATE query executed.
2016-12-18 01:07:14,633 [INFO ] ResultSett.java:main - Checking if closed: false
2016-12-18 01:07:14,633 [INFO ] ResultSett.java:main - Checking if closed: false
2016-12-18 01:07:14,633 [INFO ] ResultSett.java:main - Checking if closed: false
2016-12-18 01:07:14,633 [INFO ] ResultSett.java:main - Checking if closed: false
2016-12-18 01:07:14,633 [WARN ] Statement.java:main - Closing Statement.
2016-12-18 01:07:14,633 [WARN ] Connection.java:main - Closing connection...
2016-12-18 01:07:14,634 [WARN ] Statement.java:main - Closing Statement.
2016-12-18 01:07:14,634 [INFO ] Driver.java:main - Launching connection
2016-12-18 01:07:14,634 [INFO ] Driver.java:main - Checking URL:true
2016-12-18 01:07:14,634 [INFO ] Connection.java:main - Launching Connection.....
2016-12-18 01:07:14,635 [INFO ] Connection.java:main - Creating Statement...
2016-12-18 01:07:14,635 [INFO ] Connection.java:main - Creating Statement...
2016-12-18 01:07:14,635 [INFO ] Statement.java:main - Parsing SQL Query.
2016-12-18 01:07:14,636 [INFO ] Statement.java:main - SQL Query parsed successfully.
2016-12-18 01:07:14,636 [INFO ] Statement.java:main - Getting update count.
2016-12-18 01:07:14,636 [INFO ] Statement.java:main - Parsing SQL Query.
2016-12-18 01:07:14,636 [INFO ] Statement.java:main - SQL Query parsed successfully.
2016-12-18 01:07:14,637 [INFO ] Statement.java:main - Getting update count.
2016-12-18 01:07:14,637 [WARN ] Statement.java:main - Closing Statement.
2016-12-18 01:07:14,637 [INFO ] Connection.java:main - Creating Statement...
2016-12-18 01:07:14,637 [INFO ] Connection.java:main - Creating Statement...
2016-12-18 01:07:14,637 [INFO ] Statement.java:main - Parsing SQL Query.
2016-12-18 01:07:14,639 [INFO ] Statement.java:main - SQL Query parsed successfully.
2016-12-18 01:07:14,639 [INFO ] Statement.java:main - Getting update count.
2016-12-18 01:07:14,657 [WARN ] Statement.java:main - Closing Statement.
2016-12-18 01:07:14,657 [WARN ] Connection.java:main - Closing connection...
2016-12-18 01:07:14,657 [WARN ] Statement.java:main - Closing Statement.
2016-12-18 01:07:14,658 [INFO ] Driver.java:main - Launching connection
2016-12-18 01:07:14,658 [INFO ] Driver.java:main - Checking URL:true
2016-12-18 01:07:14,658 [INFO ] Connection.java:main - Launching Connection.....
2016-12-18 01:07:14,658 [INFO ] Connection.java:main - Creating Statement...
2016-12-18 01:07:14,658 [INFO ] Connection.java:main - Creating Statement...
2016-12-18 01:07:14,659 [INFO ] Statement.java:main - Parsing SQL Query.
2016-12-18 01:07:14,659 [INFO ] Statement.java:main - SQL Query parsed successfully.
2016-12-18 01:07:14,659 [INFO ] Statement.java:main - Getting update count.
2016-12-18 01:07:14,659 [INFO ] Statement.java:main - Parsing SQL Query.
2016-12-18 01:07:14,660 [INFO ] Statement.java:main - SQL Query parsed successfully.
2016-12-18 01:07:14,660 [INFO ] Statement.java:main - Getting update count.
2016-12-18 01:07:14,660 [WARN ] Statement.java:main - Closing Statement.
2016-12-18 01:07:14,660 [INFO ] Connection.java:main - Creating Statement...
2016-12-18 01:07:14,660 [INFO ] Connection.java:main - Creating Statement...
2016-12-18 01:07:14,660 [INFO ] Statement.java:main - Parsing SQL Query.
2016-12-18 01:07:14,664 [INFO ] Statement.java:main - SQL Query parsed successfully.
2016-12-18 01:07:14,664 [INFO ] Statement.java:main - Getting update count.
2016-12-18 01:07:14,670 [WARN ] Statement.java:main - Closing Statement.
2016-12-18 01:07:14,670 [WARN ] Connection.java:main - Closing connection...
2016-12-18 01:07:14,670 [WARN ] Statement.java:main - Closing Statement.
2016-12-18 01:07:14,670 [INFO ] Driver.java:main - Launching connection
2016-12-18 01:07:14,670 [INFO ] Driver.java:main - Checking URL:true
2016-12-18 01:07:14,671 [INFO ] Connection.java:main - Launching Connection.....
2016-12-18 01:07:14,671 [INFO ] Connection.java:main - Creating Statement...
2016-12-18 01:07:14,671 [INFO ] Connection.java:main - Creating Statement...
2016-12-18 01:07:14,671 [INFO ] Statement.java:main - Parsing SQL Query.
2016-12-18 01:07:14,673 [INFO ] Statement.java:main - SQL Query parsed successfully.
2016-12-18 01:07:14,673 [INFO ] Statement.java:main - Getting update count.
2016-12-18 01:07:14,673 [INFO ] Statement.java:main - Parsing SQL Query.
2016-12-18 01:07:14,674 [INFO ] Statement.java:main - SQL Query parsed successfully.
2016-12-18 01:07:14,674 [INFO ] Statement.java:main - Getting update count.
2016-12-18 01:07:14,674 [WARN ] Statement.java:main - Closing Statement.
2016-12-18 01:07:14,674 [INFO ] Connection.java:main - Creating Statement...
2016-12-18 01:07:14,674 [INFO ] Connection.java:main - Creating Statement...
2016-12-18 01:07:14,674 [INFO ] Statement.java:main - Parsing SQL Query.
2016-12-18 01:07:14,676 [INFO ] Statement.java:main - SQL Query parsed successfully.
2016-12-18 01:07:14,676 [INFO ] Statement.java:main - Getting update count.
2016-12-18 01:07:14,692 [INFO ] Statement.java:main - Parsing SQL Query.
2016-12-18 01:07:14,695 [INFO ] Statement.java:main - SQL Query parsed successfully.
2016-12-18 01:07:14,695 [INFO ] ResultSett.java:main - Checking if closed: false
2016-12-18 01:07:14,695 [INFO ] ResultSett.java:main - Checking if closed: false
2016-12-18 01:07:14,695 [INFO ] ResultSett.java:main - Checking if closed: false
2016-12-18 01:07:14,695 [INFO ] ResultSett.java:main - Checking if closed: false
2016-12-18 01:07:14,695 [INFO ] ResultSett.java:main - Checking if closed: false
2016-12-18 01:07:14,695 [INFO ] ResultSett.java:main - Checking if closed: false
2016-12-18 01:07:14,695 [INFO ] ResultSett.java:main - Getting Metadata..
2016-12-18 01:07:14,695 [INFO ] ResultSetMetaDataa.java:main - Getting Column Count..
2016-12-18 01:07:14,695 [WARN ] Statement.java:main - Closing Statement.
2016-12-18 01:07:14,696 [WARN ] Connection.java:main - Closing connection...
2016-12-18 01:07:14,696 [WARN ] Statement.java:main - Closing Statement.
2016-12-18 01:07:14,696 [INFO ] Driver.java:main - Launching connection
2016-12-18 01:07:14,696 [INFO ] Driver.java:main - Checking URL:true
2016-12-18 01:07:14,697 [INFO ] Connection.java:main - Launching Connection.....
2016-12-18 01:07:14,697 [INFO ] Connection.java:main - Creating Statement...
2016-12-18 01:07:14,698 [INFO ] Connection.java:main - Creating Statement...
2016-12-18 01:07:14,698 [INFO ] Statement.java:main - Parsing SQL Query.
2016-12-18 01:07:14,699 [INFO ] Statement.java:main - SQL Query parsed successfully.
2016-12-18 01:07:14,700 [INFO ] Statement.java:main - Getting update count.
2016-12-18 01:07:14,700 [INFO ] Statement.java:main - Parsing SQL Query.
2016-12-18 01:07:14,701 [INFO ] Statement.java:main - SQL Query parsed successfully.
2016-12-18 01:07:14,701 [INFO ] Statement.java:main - Getting update count.
2016-12-18 01:07:14,701 [WARN ] Statement.java:main - Closing Statement.
2016-12-18 01:07:14,701 [INFO ] Connection.java:main - Creating Statement...
2016-12-18 01:07:14,701 [INFO ] Connection.java:main - Creating Statement...
2016-12-18 01:07:14,701 [INFO ] Statement.java:main - Parsing SQL Query.
2016-12-18 01:07:14,704 [INFO ] Statement.java:main - SQL Query parsed successfully.
2016-12-18 01:07:14,704 [INFO ] Statement.java:main - Getting update count.
2016-12-18 01:07:14,721 [WARN ] Statement.java:main - Closing Statement.
2016-12-18 01:07:14,721 [WARN ] Connection.java:main - Closing connection...
2016-12-18 01:07:14,722 [WARN ] Statement.java:main - Closing Statement.
2016-12-18 01:07:14,722 [INFO ] Driver.java:main - Launching connection
2016-12-18 01:07:14,722 [INFO ] Driver.java:main - Checking URL:true
2016-12-18 01:07:14,722 [INFO ] Connection.java:main - Launching Connection.....
2016-12-18 01:07:14,723 [INFO ] Connection.java:main - Creating Statement...
2016-12-18 01:07:14,723 [INFO ] Connection.java:main - Creating Statement...
2016-12-18 01:07:14,723 [INFO ] Statement.java:main - Parsing SQL Query.
2016-12-18 01:07:14,724 [INFO ] Statement.java:main - SQL Query parsed successfully.
2016-12-18 01:07:14,724 [INFO ] Statement.java:main - Getting update count.
2016-12-18 01:07:14,724 [INFO ] Statement.java:main - Parsing SQL Query.
2016-12-18 01:07:14,724 [INFO ] Statement.java:main - SQL Query parsed successfully.
2016-12-18 01:07:14,724 [INFO ] Statement.java:main - Getting update count.
2016-12-18 01:07:14,724 [WARN ] Statement.java:main - Closing Statement.
2016-12-18 01:07:14,724 [INFO ] Connection.java:main - Creating Statement...
2016-12-18 01:07:14,724 [INFO ] Connection.java:main - Creating Statement...
2016-12-18 01:07:14,725 [INFO ] Statement.java:main - Parsing SQL Query.
2016-12-18 01:07:14,727 [INFO ] Statement.java:main - SQL Query parsed successfully.
2016-12-18 01:07:14,727 [INFO ] Statement.java:main - Getting update count.
2016-12-18 01:07:14,729 [ERROR] Statement.java:main - ERROR! Error parsing SQL Query
2016-12-18 01:07:14,729 [WARN ] Connection.java:main - Closing connection...
2016-12-18 01:07:14,729 [WARN ] Statement.java:main - Closing Statement.
2016-12-18 01:07:14,729 [INFO ] Driver.java:main - Launching connection
2016-12-18 01:07:14,729 [INFO ] Driver.java:main - Checking URL:true
2016-12-18 01:07:14,729 [INFO ] Connection.java:main - Launching Connection.....
2016-12-18 01:07:14,730 [INFO ] Connection.java:main - Creating Statement...
2016-12-18 01:07:14,730 [INFO ] Connection.java:main - Creating Statement...
2016-12-18 01:07:14,730 [INFO ] Statement.java:main - Parsing SQL Query.
2016-12-18 01:07:14,731 [INFO ] Statement.java:main - SQL Query parsed successfully.
2016-12-18 01:07:14,731 [INFO ] Statement.java:main - Getting update count.
2016-12-18 01:07:14,731 [INFO ] Statement.java:main - Parsing SQL Query.
2016-12-18 01:07:14,731 [INFO ] Statement.java:main - SQL Query parsed successfully.
2016-12-18 01:07:14,732 [INFO ] Statement.java:main - Getting update count.
2016-12-18 01:07:14,732 [WARN ] Statement.java:main - Closing Statement.
2016-12-18 01:07:14,732 [INFO ] Connection.java:main - Creating Statement...
2016-12-18 01:07:14,732 [INFO ] Connection.java:main - Creating Statement...
2016-12-18 01:07:14,732 [INFO ] Statement.java:main - Parsing SQL Query.
2016-12-18 01:07:14,735 [INFO ] Statement.java:main - SQL Query parsed successfully.
2016-12-18 01:07:14,735 [INFO ] Statement.java:main - Getting update count.
2016-12-18 01:07:14,754 [WARN ] Statement.java:main - Closing Statement.
2016-12-18 01:07:14,755 [WARN ] Connection.java:main - Closing connection...
2016-12-18 01:07:14,755 [WARN ] Statement.java:main - Closing Statement.
